[debug] [2024-02-22T15:35:54.298Z] ----------------------------------------------------------------------
[debug] [2024-02-22T15:35:54.302Z] Command:       C:\Program Files\nodejs\node.exe C:\Users\hp\AppData\Roaming\npm\node_modules\firebase-tools\lib\bin\firebase.js init
[debug] [2024-02-22T15:35:54.302Z] CLI Version:   13.3.0
[debug] [2024-02-22T15:35:54.302Z] Platform:      win32
[debug] [2024-02-22T15:35:54.302Z] Node Version:  v20.10.0
[debug] [2024-02-22T15:35:54.303Z] Time:          Thu Feb 22 2024 16:35:54 GMT+0100 (West Africa Standard Time)
[debug] [2024-02-22T15:35:54.303Z] ----------------------------------------------------------------------
[debug] 
[debug] [2024-02-22T15:35:54.307Z] >>> [apiv2][query] GET https://firebase-public.firebaseio.com/cli.json [none]
[debug] [2024-02-22T15:35:54.368Z] > command requires scopes: ["email","openid","https://www.googleapis.com/auth/cloudplatformprojects.readonly","https://www.googleapis.com/auth/firebase","https://www.googleapis.com/auth/cloud-platform"]
[debug] [2024-02-22T15:35:54.368Z] > authorizing via signed-in user (aanileleye@gmail.com)
[info] 
     ######## #### ########  ######## ########     ###     ######  ########
     ##        ##  ##     ## ##       ##     ##  ##   ##  ##       ##
     ######    ##  ########  ######   ########  #########  ######  ######
     ##        ##  ##    ##  ##       ##     ## ##     ##       ## ##
     ##       #### ##     ## ######## ########  ##     ##  ######  ########

You're about to initialize a Firebase project in this directory:

  C:\Users\hp\Documents\Dev\react\firebase

[debug] [2024-02-22T15:35:55.540Z] <<< [apiv2][status] GET https://firebase-public.firebaseio.com/cli.json 200
[debug] [2024-02-22T15:35:55.541Z] <<< [apiv2][body] GET https://firebase-public.firebaseio.com/cli.json {"cloudBuildErrorAfter":1594252800000,"cloudBuildWarnAfter":1590019200000,"defaultNode10After":1594252800000,"minVersion":"3.0.5","node8DeploysDisabledAfter":1613390400000,"node8RuntimeDisabledAfter":1615809600000,"node8WarnAfter":1600128000000}
[info] 
=== Project Setup
[info] 
[info] First, let's associate this project directory with a Firebase project.
[info] You can create multiple project aliases by running firebase use --add, 
[info] but for now we'll just set up a default project.
[info] 
[debug] [2024-02-22T15:37:11.265Z] > refreshing access token with scopes: []
[debug] [2024-02-22T15:37:11.266Z] >>> [apiv2][query] POST https://www.googleapis.com/oauth2/v3/token [none]
[debug] [2024-02-22T15:37:11.266Z] >>> [apiv2][body] POST https://www.googleapis.com/oauth2/v3/token [omitted]
[debug] [2024-02-22T15:37:12.468Z] <<< [apiv2][status] POST https://www.googleapis.com/oauth2/v3/token 200
[debug] [2024-02-22T15:37:12.468Z] <<< [apiv2][body] POST https://www.googleapis.com/oauth2/v3/token [omitted]
[debug] [2024-02-22T15:37:12.488Z] >>> [apiv2][query] GET https://firebase.googleapis.com/v1beta1/projects pageSize=100
[debug] [2024-02-22T15:37:14.357Z] <<< [apiv2][status] GET https://firebase.googleapis.com/v1beta1/projects 200
[debug] [2024-02-22T15:37:14.358Z] <<< [apiv2][body] GET https://firebase.googleapis.com/v1beta1/projects [omitted]
[info] i  Using project fir-course-a9c24 (firebase-course) 
[info] 
=== Hosting Setup
[debug] [2024-02-22T15:38:02.356Z] >>> [apiv2][query] GET https://firebase.googleapis.com/v1beta1/projects/fir-course-a9c24 [none]
[debug] [2024-02-22T15:38:04.041Z] <<< [apiv2][status] GET https://firebase.googleapis.com/v1beta1/projects/fir-course-a9c24 200
[debug] [2024-02-22T15:38:04.041Z] <<< [apiv2][body] GET https://firebase.googleapis.com/v1beta1/projects/fir-course-a9c24 {"projectId":"fir-course-a9c24","projectNumber":"453532531957","displayName":"firebase-course","name":"projects/fir-course-a9c24","resources":{"hostingSite":"fir-course-a9c24","storageBucket":"fir-course-a9c24.appspot.com","locationId":"us-central"},"state":"ACTIVE","etag":"1_089d62bd-a656-44a1-a70c-afdf47754874"}
[info] 
[info] Your public directory is the folder (relative to your project directory) that
[info] will contain Hosting assets to be uploaded with firebase deploy. If you
[info] have a build process for your assets, use your build's output directory.
[info] 
[info] +  Wrote public/404.html 
[debug] [2024-02-22T15:38:54.284Z] >>> [apiv2][query] GET https://www.gstatic.com/firebasejs/releases.json [none]
[debug] [2024-02-22T15:38:55.552Z] <<< [apiv2][status] GET https://www.gstatic.com/firebasejs/releases.json 200
[debug] [2024-02-22T15:38:55.552Z] <<< [apiv2][body] GET https://www.gstatic.com/firebasejs/releases.json {"current":{"version":"10.8.0","browserURL":"https://www.gstatic.com/firebasejs/10.8.0/firebase.js","packageURL":"https://www.gstatic.com/firebasejs/10.8.0/firebase.tgz"},"live":{"version":"10.8","browserURL":"https://www.gstatic.com/firebasejs/live/10.8/firebase.js","packageURL":"https://www.gstatic.com/firebasejs/live/10.8/firebase.tgz"},"components":{"analytics":"https://www.gstatic.com/firebasejs/10.8.0/firebase-analytics.js","app":"https://www.gstatic.com/firebasejs/10.8.0/firebase-app.js","app-check":"https://www.gstatic.com/firebasejs/10.8.0/firebase-app-check.js","auth":"https://www.gstatic.com/firebasejs/10.8.0/firebase-auth.js","auth/cordova":"https://www.gstatic.com/firebasejs/10.8.0/firebase-auth/cordova.js","auth/web-extension":"https://www.gstatic.com/firebasejs/10.8.0/firebase-auth/web-extension.js","functions":"https://www.gstatic.com/firebasejs/10.8.0/firebase-functions.js","firestore":"https://www.gstatic.com/firebasejs/10.8.0/firebase-firestore.js","firestore/lite":"https://www.gstatic.com/firebasejs/10.8.0/firebase-firestore/lite.js","installations":"https://www.gstatic.com/firebasejs/10.8.0/firebase-installations.js","storage":"https://www.gstatic.com/firebasejs/10.8.0/firebase-storage.js","performance":"https://www.gstatic.com/firebasejs/10.8.0/firebase-performance.js","remote-config":"https://www.gstatic.com/firebasejs/10.8.0/firebase-remote-config.js","messaging":"https://www.gstatic.com/firebasejs/10.8.0/firebase-messaging.js","messaging/sw":"https://www.gstatic.com/firebasejs/10.8.0/firebase-messaging/sw.js","database":"https://www.gstatic.com/firebasejs/10.8.0/firebase-database.js","firestore.memory":"https://www.gstatic.com/firebasejs/10.8.0/firebase-firestore.memory.js"}}
[info] i  Skipping write of public/index.html 
[info] 
[info] i  Didn't detect a .git folder. Assuming C:\Users\hp\Documents\Dev\react\firebase is the project root. 
[info] i  Authorizing with GitHub to upload your service account to a GitHub repository's secrets store. 
[info] 
[info] Visit this URL on this device to log in:
[info] https://github.com/login/oauth/authorize?client_id=89cf50f02ac6aaed3484&state=429719671&redirect_uri=http%3A%2F%2Flocalhost%3A9005&scope=read%3Auser%20repo%20public_repo
[info] 
[info] Waiting for authentication...
[debug] [2024-02-22T15:39:30.223Z] >>> [apiv2][query] POST https://github.com/login/oauth/access_token [none]
[debug] [2024-02-22T15:39:30.223Z] >>> [apiv2][body] POST https://github.com/login/oauth/access_token [stream]
[debug] [2024-02-22T15:39:32.000Z] <<< [apiv2][status] POST https://github.com/login/oauth/access_token 200
[debug] [2024-02-22T15:39:32.000Z] <<< [apiv2][body] POST https://github.com/login/oauth/access_token {"access_token":"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","token_type":"bearer","scope":"read:user,repo"}
[debug] [2024-02-22T15:39:32.007Z] >>> [apiv2][query] GET https://api.github.com/user [none]
[debug] [2024-02-22T15:39:33.446Z] <<< [apiv2][status] GET https://api.github.com/user 200
[debug] [2024-02-22T15:39:33.447Z] <<< [apiv2][body] GET https://api.github.com/user {"login":"mohawwal","id":90222171,"node_id":"MDQ6VXNlcjkwMjIyMTcx","avatar_url":"https://avatars.githubusercontent.com/u/90222171?v=4","gravatar_id":"","url":"https://api.github.com/users/mohawwal","html_url":"https://github.com/mohawwal","followers_url":"https://api.github.com/users/mohawwal/followers","following_url":"https://api.github.com/users/mohawwal/following{/other_user}","gists_url":"https://api.github.com/users/mohawwal/gists{/gist_id}","starred_url":"https://api.github.com/users/mohawwal/starred{/owner}{/repo}","subscriptions_url":"https://api.github.com/users/mohawwal/subscriptions","organizations_url":"https://api.github.com/users/mohawwal/orgs","repos_url":"https://api.github.com/users/mohawwal/repos","events_url":"https://api.github.com/users/mohawwal/events{/privacy}","received_events_url":"https://api.github.com/users/mohawwal/received_events","type":"User","site_admin":false,"name":"mohawwal","company":null,"blog":"","location":null,"email":null,"hireable":null,"bio":"Frontend Developer","twitter_username":"_mohawwal","public_repos":48,"public_gists":0,"followers":5,"following":4,"created_at":"2021-09-06T22:06:07Z","updated_at":"2024-02-12T17:35:30Z","private_gists":0,"total_private_repos":1,"owned_private_repos":1,"disk_usage":60600,"collaborators":0,"two_factor_authentication":false,"plan":{"name":"free","space":976562499,"collaborators":0,"private_repos":10000}}
[info] 
[info] +  Success! Logged into GitHub as mohawwal 
[info] 
